<?xml version="1.0" encoding="UTF-8"?>
<testng-results skipped="0" failed="0" ignored="0" total="4" passed="4">
  <reporter-output>
  </reporter-output>
  <suite name="search-module" duration-ms="31225" started-at="2020-08-27T16:51:23Z" finished-at="2020-08-27T16:51:54Z">
    <groups>
    </groups>
    <test name="search-test-docker" duration-ms="13433" started-at="2020-08-27T16:51:23Z" finished-at="2020-08-27T16:51:36Z">
      <class name="com.searchmodule.tests.SearchTest">
        <test-method status="PASS" signature="setupDriver()[pri:0, instance:com.searchmodule.tests.SearchTest@7c75222b]" name="setupDriver" is-config="true" duration-ms="3140" started-at="2020-08-27T16:51:23Z" finished-at="2020-08-27T16:51:26Z">
          <reporter-output>
          </reporter-output>
        </test-method> <!-- setupDriver -->
        <test-method status="PASS" signature="search(java.lang.String)[pri:0, instance:com.searchmodule.tests.SearchTest@7c75222b]" name="search" duration-ms="9952" started-at="2020-08-27T16:51:26Z" finished-at="2020-08-27T16:51:36Z">
          <params>
            <param index="0">
              <value>
                <![CDATA[docker]]>
              </value>
            </param>
          </params>
          <reporter-output>
          </reporter-output>
        </test-method> <!-- search -->
        <test-method status="PASS" signature="quitDriver()[pri:0, instance:com.searchmodule.tests.SearchTest@7c75222b]" name="quitDriver" is-config="true" duration-ms="283" started-at="2020-08-27T16:51:36Z" finished-at="2020-08-27T16:51:36Z">
          <reporter-output>
          </reporter-output>
        </test-method> <!-- quitDriver -->
      </class> <!-- com.searchmodule.tests.SearchTest -->
    </test> <!-- search-test-docker -->
    <test name="search-test-webdriver" duration-ms="14078" started-at="2020-08-27T16:51:23Z" finished-at="2020-08-27T16:51:37Z">
      <class name="com.searchmodule.tests.SearchTest">
        <test-method status="PASS" signature="setupDriver()[pri:0, instance:com.searchmodule.tests.SearchTest@2d209079]" name="setupDriver" is-config="true" duration-ms="3146" started-at="2020-08-27T16:51:23Z" finished-at="2020-08-27T16:51:26Z">
          <reporter-output>
          </reporter-output>
        </test-method> <!-- setupDriver -->
        <test-method status="PASS" signature="search(java.lang.String)[pri:0, instance:com.searchmodule.tests.SearchTest@2d209079]" name="search" duration-ms="10722" started-at="2020-08-27T16:51:26Z" finished-at="2020-08-27T16:51:37Z">
          <params>
            <param index="0">
              <value>
                <![CDATA[webdriver]]>
              </value>
            </param>
          </params>
          <reporter-output>
          </reporter-output>
        </test-method> <!-- search -->
        <test-method status="PASS" signature="quitDriver()[pri:0, instance:com.searchmodule.tests.SearchTest@2d209079]" name="quitDriver" is-config="true" duration-ms="172" started-at="2020-08-27T16:51:37Z" finished-at="2020-08-27T16:51:37Z">
          <reporter-output>
          </reporter-output>
        </test-method> <!-- quitDriver -->
      </class> <!-- com.searchmodule.tests.SearchTest -->
    </test> <!-- search-test-webdriver -->
    <test name="search-test-java" duration-ms="30256" started-at="2020-08-27T16:51:23Z" finished-at="2020-08-27T16:51:53Z">
      <class name="com.searchmodule.tests.SearchTest">
        <test-method status="PASS" signature="setupDriver()[pri:0, instance:com.searchmodule.tests.SearchTest@23223dd8]" name="setupDriver" is-config="true" duration-ms="19836" started-at="2020-08-27T16:51:23Z" finished-at="2020-08-27T16:51:43Z">
          <reporter-output>
          </reporter-output>
        </test-method> <!-- setupDriver -->
        <test-method status="PASS" signature="search(java.lang.String)[pri:0, instance:com.searchmodule.tests.SearchTest@23223dd8]" name="search" duration-ms="10331" started-at="2020-08-27T16:51:43Z" finished-at="2020-08-27T16:51:53Z">
          <params>
            <param index="0">
              <value>
                <![CDATA[java]]>
              </value>
            </param>
          </params>
          <reporter-output>
          </reporter-output>
        </test-method> <!-- search -->
        <test-method status="PASS" signature="quitDriver()[pri:0, instance:com.searchmodule.tests.SearchTest@23223dd8]" name="quitDriver" is-config="true" duration-ms="86" started-at="2020-08-27T16:51:53Z" finished-at="2020-08-27T16:51:53Z">
          <reporter-output>
          </reporter-output>
        </test-method> <!-- quitDriver -->
      </class> <!-- com.searchmodule.tests.SearchTest -->
    </test> <!-- search-test-java -->
    <test name="search-test-kubernetes" duration-ms="31220" started-at="2020-08-27T16:51:23Z" finished-at="2020-08-27T16:51:54Z">
      <class name="com.searchmodule.tests.SearchTest">
        <test-method status="PASS" signature="setupDriver()[pri:0, instance:com.searchmodule.tests.SearchTest@7c30a502]" name="setupDriver" is-config="true" duration-ms="20022" started-at="2020-08-27T16:51:23Z" finished-at="2020-08-27T16:51:43Z">
          <reporter-output>
          </reporter-output>
        </test-method> <!-- setupDriver -->
        <test-method status="PASS" signature="search(java.lang.String)[pri:0, instance:com.searchmodule.tests.SearchTest@7c30a502]" name="search" duration-ms="10974" started-at="2020-08-27T16:51:43Z" finished-at="2020-08-27T16:51:54Z">
          <params>
            <param index="0">
              <value>
                <![CDATA[kubernetes]]>
              </value>
            </param>
          </params>
          <reporter-output>
          </reporter-output>
        </test-method> <!-- search -->
        <test-method status="PASS" signature="quitDriver()[pri:0, instance:com.searchmodule.tests.SearchTest@7c30a502]" name="quitDriver" is-config="true" duration-ms="215" started-at="2020-08-27T16:51:54Z" finished-at="2020-08-27T16:51:54Z">
          <reporter-output>
          </reporter-output>
        </test-method> <!-- quitDriver -->
      </class> <!-- com.searchmodule.tests.SearchTest -->
    </test> <!-- search-test-kubernetes -->
  </suite> <!-- search-module -->
</testng-results>
